  MainGameState.cpp
D:\Program\C++\RPG Game\include\Animation.hpp(49,35): warning C4244: 'return': conversion from 'const float' to 'int', possible loss of data
D:\Program\C++\RPG Game\include\Animation.hpp(50,40): warning C4244: 'return': conversion from 'const float' to 'int', possible loss of data
D:\Program\C++\RPG Game\include\MapTileLayer.hpp(255,89): warning C4244: 'argument': conversion from 'uint32_t' to 'T', possible loss of data
          with
          [
              T=float
          ]
D:\Program\C++\RPG Game\include\MapTileLayer.hpp(255,60): warning C4244: 'argument': conversion from 'uint32_t' to 'T', possible loss of data
          with
          [
              T=float
          ]
D:\Program\C++\RPG Game\include\MapTileLayer.hpp(261,101): warning C4244: 'argument': conversion from 'T' to 'T', possible loss of data
          with
          [
              T=unsigned int
          ]
          and
          [
              T=float
          ]
D:\Program\C++\RPG Game\include\MapTileLayer.hpp(261,171): warning C4244: 'argument': conversion from 'T' to 'T', possible loss of data
          with
          [
              T=unsigned int
          ]
          and
          [
              T=float
          ]
D:\Program\C++\RPG Game\include\MapTileLayer.hpp(262,120): warning C4244: 'argument': conversion from 'T' to 'T', possible loss of data
          with
          [
              T=unsigned int
          ]
          and
          [
              T=float
          ]
D:\Program\C++\RPG Game\include\MapTileLayer.hpp(262,101): warning C4244: 'argument': conversion from 'T' to 'T', possible loss of data
          with
          [
              T=unsigned int
          ]
          and
          [
              T=float
          ]
D:\Program\C++\RPG Game\include\MapTileLayer.hpp(262,204): warning C4244: 'argument': conversion from 'T' to 'T', possible loss of data
          with
          [
              T=unsigned int
          ]
          and
          [
              T=float
          ]
D:\Program\C++\RPG Game\include\MapTileLayer.hpp(262,185): warning C4244: 'argument': conversion from 'T' to 'T', possible loss of data
          with
          [
              T=unsigned int
          ]
          and
          [
              T=float
          ]
D:\Program\C++\RPG Game\include\MapTileLayer.hpp(264,120): warning C4244: 'argument': conversion from 'T' to 'T', possible loss of data
          with
          [
              T=unsigned int
          ]
          and
          [
              T=float
          ]
D:\Program\C++\RPG Game\include\MapTileLayer.hpp(264,101): warning C4244: 'argument': conversion from 'T' to 'T', possible loss of data
          with
          [
              T=unsigned int
          ]
          and
          [
              T=float
          ]
D:\Program\C++\RPG Game\include\MapTileLayer.hpp(264,204): warning C4244: 'argument': conversion from 'T' to 'T', possible loss of data
          with
          [
              T=unsigned int
          ]
          and
          [
              T=float
          ]
D:\Program\C++\RPG Game\include\MapTileLayer.hpp(264,185): warning C4244: 'argument': conversion from 'T' to 'T', possible loss of data
          with
          [
              T=unsigned int
          ]
          and
          [
              T=float
          ]
D:\Program\C++\RPG Game\include\MapTileLayer.hpp(265,106): warning C4244: 'argument': conversion from 'T' to 'T', possible loss of data
          with
          [
              T=unsigned int
          ]
          and
          [
              T=float
          ]
D:\Program\C++\RPG Game\include\MapTileLayer.hpp(265,176): warning C4244: 'argument': conversion from 'T' to 'T', possible loss of data
          with
          [
              T=unsigned int
          ]
          and
          [
              T=float
          ]
D:\Program\C++\RPG Game\include\MapTileLayer.hpp(310,22): warning C4244: 'return': conversion from 'T' to 'int', possible loss of data
          with
          [
              T=float
          ]
D:\Program\C++\RPG Game\include\MapTileLayer.hpp(496,25): warning C4244: 'initializing': conversion from 'float' to 'uint32_t', possible loss of data
D:\Program\C++\RPG Game\include\MapTileLayer.hpp(497,25): warning C4244: 'initializing': conversion from 'float' to 'uint32_t', possible loss of data
D:\Program\C++\RPG Game\include\MapTileLayer.hpp(498,76): warning C4244: '=': conversion from 'T' to 'T', possible loss of data
          with
          [
              T=float
          ]
          and
          [
              T=unsigned int
          ]
D:\Program\C++\RPG Game\include\MapTileLayer.hpp(499,76): warning C4244: '=': conversion from 'T' to 'T', possible loss of data
          with
          [
              T=float
          ]
          and
          [
              T=unsigned int
          ]
D:\Program\C++\RPG Game\include\Physics\Line.hpp(30,47): warning C4244: 'return': conversion from 'double' to 'float', possible loss of data
D:\Program\C++\RPG Game\src\States\MainGameState.cpp(7,12): warning C4244: 'argument': conversion from 'time_t' to 'unsigned int', possible loss of data
D:\Program\C++\RPG Game\src\States\MainGameState.cpp(49,51): warning C4244: '+=': conversion from 'double' to 'T', possible loss of data
          with
          [
              T=float
          ]
D:\Program\C++\RPG Game\src\States\MainGameState.cpp(50,51): warning C4244: '+=': conversion from 'double' to 'T', possible loss of data
          with
          [
              T=float
          ]
     Creating library D:\Program\C++\RPG Game\x64\Release\RPG Game.lib and object D:\Program\C++\RPG Game\x64\Release\RPG Game.exp
  Generating code
  2 of 5455 functions (<0.1%) were compiled, the rest were copied from previous compilation.
    0 functions were new in current compilation
    7 functions had inline decision re-evaluated but remain unchanged
  Finished generating code
  RPG Game.vcxproj -> D:\Program\C++\RPG Game\x64\Release\RPG Game.exe
