d:\program\c++\rpg game\x64\debug\vc143.pdb
d:\program\c++\rpg game\x64\debug\vc143.idb
d:\program\c++\rpg game\x64\debug\objecttypes.obj
d:\program\c++\rpg game\x64\debug\objectgroup.obj
d:\program\c++\rpg game\x64\debug\object.obj
d:\program\c++\rpg game\x64\debug\map.obj
d:\program\c++\rpg game\x64\debug\layergroup.obj
d:\program\c++\rpg game\x64\debug\imagelayer.obj
d:\program\c++\rpg game\x64\debug\freefuncs.obj
d:\program\c++\rpg game\x64\debug\pugixml.obj
d:\program\c++\rpg game\x64\debug\state.obj
d:\program\c++\rpg game\x64\debug\tilemap.obj
d:\program\c++\rpg game\x64\debug\physicsworld.obj
d:\program\c++\rpg game\x64\debug\mapobjectlayer.obj
d:\program\c++\rpg game\x64\debug\main.obj
d:\program\c++\rpg game\x64\debug\keystate.obj
d:\program\c++\rpg game\x64\debug\game.obj
d:\program\c++\rpg game\x64\debug\clock.obj
d:\program\c++\rpg game\x64\debug\character.obj
d:\program\c++\rpg game\x64\debug\body.obj
d:\program\c++\rpg game\x64\debug\animation.obj
d:\program\c++\rpg game\x64\debug\aabb.obj
d:\program\c++\rpg game\x64\debug\tileset.obj
d:\program\c++\rpg game\x64\debug\tilelayer.obj
d:\program\c++\rpg game\x64\debug\property.obj
d:\program\c++\rpg game\x64\debug\miniz.obj
d:\program\c++\rpg game\x64\debug\enemy.obj
d:\program\c++\rpg game\x64\debug\toasterbot.obj
d:\program\c++\rpg game\x64\debug\droidzapper.obj
d:\program\c++\rpg game\x64\debug\rpg game.exe
d:\program\c++\rpg game\x64\debug\rpg game.ilk
d:\program\c++\rpg game\x64\debug\rpg game.pdb
d:\program\c++\rpg game\x64\debug\rpg game.lib
d:\program\c++\rpg game\x64\debug\rpg game.exp
d:\program\c++\rpg game\x64\debug\rpg game.tlog\cl.command.1.tlog
d:\program\c++\rpg game\x64\debug\rpg game.tlog\cl.read.1.tlog
d:\program\c++\rpg game\x64\debug\rpg game.tlog\cl.write.1.tlog
d:\program\c++\rpg game\x64\debug\rpg game.tlog\link.command.1.tlog
d:\program\c++\rpg game\x64\debug\rpg game.tlog\link.read.1.tlog
d:\program\c++\rpg game\x64\debug\rpg game.tlog\link.write.1.tlog
d:\program\c++\rpg game\x64\debug\rpg game.tlog\rpg game.write.1u.tlog
